<?xml version="1.0" encoding="utf-8" standalone="no"?>
<!--This file represents the results of running a test suite-->
<test-results name="C:\Code\jdilkes\Spotfire\Spotfire\Plates\Trunk\Source\Plates\PlatesTests\bin\DebugTests\PlatesTests.dll" total="1" errors="0" failures="1" not-run="0" inconclusive="0" ignored="0" skipped="0" invalid="0" date="2013-09-12" time="14:53:32">
  <environment nunit-version="2.6.2.12296" clr-version="2.0.50727.5472" os-version="Microsoft Windows NT 6.1.7601 Service Pack 1" platform="Win32NT" cwd="C:\Code\jdilkes\Spotfire\Tools\NUnit.Runners.2.6.2\tools" machine-name="RACKANDPINION" user="James" user-domain="RackAndPinion" />
  <culture-info current-culture="en-GB" current-uiculture="en-US" />
  <test-suite type="Assembly" name="C:\Code\jdilkes\Spotfire\Spotfire\Plates\Trunk\Source\Plates\PlatesTests\bin\DebugTests\PlatesTests.dll" executed="True" result="Failure" success="False" time="0.203" asserts="0">
    <results>
      <test-suite type="Namespace" name="PlatesTests" executed="True" result="Failure" success="False" time="0.183" asserts="0">
        <results>
          <test-suite type="TestFixture" name="PlatesAddInTests" executed="True" result="Failure" success="False" time="0.182" asserts="0">
            <results>
              <test-case name="PlatesTests.PlatesAddInTests.TestTest" executed="True" result="Failure" success="False" time="0.168" asserts="1">
                <failure>
                  <message><![CDATA[  Expected: 1
  But was:  0
]]></message>
                  <stack-trace><![CDATA[at PlatesTests.PlatesAddInTests.TestTest() in c:\Code\jdilkes\Spotfire\Spotfire\Plates\Trunk\Source\Plates\PlatesTests\PlatesAddInTests.cs:line 16
]]></stack-trace>
                </failure>
              </test-case>
            </results>
          </test-suite>
        </results>
      </test-suite>
    </results>
  </test-suite>
</test-results>